#-----------------------------------------------------------
# Vivado v2020.1 (64-bit)
# SW Build 2902540 on Wed May 27 19:54:49 MDT 2020
# IP Build 2902112 on Wed May 27 22:43:36 MDT 2020
# Start of session at: Wed Nov 17 09:44:49 2021
# Process ID: 6132
# Current directory: C:/Users/abolfath/Desktop/New folder/lab4_traffic_intersection
# Command line: vivado.exe -gui_launcher_event rodinguilauncherevent3136 C:\Users\abolfath\Desktop\New folder\lab4_traffic_intersection\traffic_intersection.xpr
# Log file: C:/Users/abolfath/Desktop/New folder/lab4_traffic_intersection/vivado.log
# Journal file: C:/Users/abolfath/Desktop/New folder/lab4_traffic_intersection\vivado.jou
#-----------------------------------------------------------
start_gui
open_project {C:/Users/abolfath/Desktop/New folder/lab4_traffic_intersection/traffic_intersection.xpr}
INFO: [Project 1-313] Project file moved from 'C:/Users/abolf/Desktop/LAB4/new/lab4_traffic_intersection' since last save.
Scanning sources...
Finished scanning sources
INFO: [IP_Flow 19-234] Refreshing IP repositories
INFO: [IP_Flow 19-1704] No user IP repositories specified
INFO: [IP_Flow 19-2313] Loaded Vivado IP repository 'C:/Xilinx/Vivado/2020.1/data/ip'.
update_compile_order -fileset sources_1
exit
INFO: [Common 17-206] Exiting Vivado at Wed Nov 17 09:45:51 2021...
